2017-04-07 05:14:07.510+0000 INFO  [org.neo4j]: [.joernIndex/neostore.relationshiptypestore.db.names] brickCount=0 brickSize=0b mappedMem=0b (storeSize=38b)
2017-04-07 05:14:07.534+0000 INFO  [org.neo4j]: [.joernIndex/neostore.relationshiptypestore.db] brickCount=0 brickSize=0b mappedMem=0b (storeSize=0b)
2017-04-07 05:14:07.571+0000 INFO  [org.neo4j]: .joernIndex/neostore.relationshiptypestore.db.names hit=0 miss=0 switches=0 ooe=0
2017-04-07 05:14:07.630+0000 INFO  [org.neo4j]: .joernIndex/neostore.relationshiptypestore.db hit=0 miss=0 switches=0 ooe=0
2017-04-07 05:14:07.840+0000 INFO  [org.neo4j]: [.joernIndex/neostore.labeltokenstore.db.names] brickCount=0 brickSize=0b mappedMem=0b (storeSize=38b)
2017-04-07 05:14:07.841+0000 INFO  [org.neo4j]: [.joernIndex/neostore.labeltokenstore.db] brickCount=0 brickSize=0b mappedMem=0b (storeSize=0b)
2017-04-07 05:14:07.872+0000 INFO  [org.neo4j]: .joernIndex/neostore.labeltokenstore.db.names hit=0 miss=0 switches=0 ooe=0
2017-04-07 05:14:07.972+0000 INFO  [org.neo4j]: .joernIndex/neostore.labeltokenstore.db hit=0 miss=0 switches=0 ooe=0
2017-04-07 05:14:08.256+0000 INFO  [org.neo4j]: [.joernIndex/neostore.relationshiptypestore.db.names] brickCount=0 brickSize=0b mappedMem=0b (storeSize=38b)
2017-04-07 05:14:08.257+0000 INFO  [org.neo4j]: [.joernIndex/neostore.relationshiptypestore.db] brickCount=0 brickSize=0b mappedMem=0b (storeSize=0b)
2017-04-07 05:14:08.258+0000 INFO  [org.neo4j]: [.joernIndex/neostore.labeltokenstore.db.names] brickCount=0 brickSize=0b mappedMem=0b (storeSize=38b)
2017-04-07 05:14:08.258+0000 INFO  [org.neo4j]: [.joernIndex/neostore.labeltokenstore.db] brickCount=0 brickSize=0b mappedMem=0b (storeSize=0b)
2017-04-07 05:14:08.259+0000 INFO  [org.neo4j]: [.joernIndex/neostore.propertystore.db.strings] brickCount=0 brickSize=209664b mappedMem=209715200b (storeSize=128b)
2017-04-07 05:14:08.260+0000 INFO  [org.neo4j]: [.joernIndex/neostore.propertystore.db.index.keys] brickCount=0 brickSize=5206b mappedMem=5242880b (storeSize=38b)
2017-04-07 05:14:08.261+0000 INFO  [org.neo4j]: [.joernIndex/neostore.propertystore.db.index] brickCount=0 brickSize=52425b mappedMem=5242880b (storeSize=0b)
2017-04-07 05:14:08.262+0000 INFO  [org.neo4j]: [.joernIndex/neostore.propertystore.db.arrays] brickCount=0 brickSize=136192b mappedMem=136314880b (storeSize=128b)
2017-04-07 05:14:08.266+0000 INFO  [org.neo4j]: [.joernIndex/neostore.propertystore.db] brickCount=0 brickSize=2097150b mappedMem=209715200b (storeSize=0b)
2017-04-07 05:14:08.269+0000 INFO  [org.neo4j]: [.joernIndex/neostore.relationshipstore.db] brickCount=0 brickSize=21474808b mappedMem=2147483648b (storeSize=0b)
2017-04-07 05:14:08.270+0000 INFO  [org.neo4j]: [.joernIndex/neostore.nodestore.db.labels] brickCount=0 brickSize=0b mappedMem=0b (storeSize=68b)
2017-04-07 05:14:08.272+0000 INFO  [org.neo4j]: [.joernIndex/neostore.nodestore.db] brickCount=0 brickSize=2097150b mappedMem=209715200b (storeSize=0b)
2017-04-07 05:14:08.273+0000 INFO  [org.neo4j]: [.joernIndex/neostore.schemastore.db] brickCount=0 brickSize=0b mappedMem=0b (storeSize=64b)
2017-04-07 05:14:08.275+0000 INFO  [org.neo4j]: [.joernIndex/neostore.relationshipgroupstore.db] brickCount=0 brickSize=0b mappedMem=0b (storeSize=25b)
2017-04-07 05:14:08.276+0000 INFO  [org.neo4j]: [.joernIndex/neostore] brickCount=0 brickSize=0b mappedMem=0b (storeSize=0b)
2017-04-07 05:14:08.324+0000 INFO  [org.neo4j]: .joernIndex/neostore.relationshiptypestore.db.names hit=0 miss=0 switches=0 ooe=0
2017-04-07 05:14:08.374+0000 INFO  [org.neo4j]: .joernIndex/neostore.relationshiptypestore.db hit=0 miss=0 switches=0 ooe=0
2017-04-07 05:14:08.425+0000 INFO  [org.neo4j]: .joernIndex/neostore.labeltokenstore.db.names hit=0 miss=0 switches=0 ooe=0
2017-04-07 05:14:08.475+0000 INFO  [org.neo4j]: .joernIndex/neostore.labeltokenstore.db hit=0 miss=0 switches=0 ooe=0
2017-04-07 05:14:08.525+0000 INFO  [org.neo4j]: .joernIndex/neostore.propertystore.db.strings hit=0 miss=0 switches=0 ooe=0
2017-04-07 05:14:08.575+0000 INFO  [org.neo4j]: .joernIndex/neostore.propertystore.db.index.keys hit=0 miss=0 switches=0 ooe=0
2017-04-07 05:14:08.625+0000 INFO  [org.neo4j]: .joernIndex/neostore.propertystore.db.index hit=0 miss=0 switches=0 ooe=0
2017-04-07 05:14:08.684+0000 INFO  [org.neo4j]: .joernIndex/neostore.propertystore.db.arrays hit=0 miss=0 switches=0 ooe=0
2017-04-07 05:14:08.793+0000 INFO  [org.neo4j]: .joernIndex/neostore.propertystore.db hit=0 miss=0 switches=0 ooe=0
2017-04-07 05:14:08.851+0000 INFO  [org.neo4j]: .joernIndex/neostore.relationshipstore.db hit=0 miss=0 switches=0 ooe=0
2017-04-07 05:14:08.926+0000 INFO  [org.neo4j]: .joernIndex/neostore.nodestore.db.labels hit=0 miss=0 switches=0 ooe=0
2017-04-07 05:14:08.976+0000 INFO  [org.neo4j]: .joernIndex/neostore.nodestore.db hit=0 miss=0 switches=0 ooe=0
2017-04-07 05:14:09.051+0000 INFO  [org.neo4j]: .joernIndex/neostore.schemastore.db hit=0 miss=0 switches=0 ooe=0
2017-04-07 05:14:09.101+0000 INFO  [org.neo4j]: .joernIndex/neostore.relationshipgroupstore.db hit=0 miss=0 switches=0 ooe=0
2017-04-07 05:14:09.193+0000 INFO  [org.neo4j]: .joernIndex/neostore hit=0 miss=10 switches=0 ooe=0
2017-04-07 05:14:09.243+0000 INFO  [org.neo4j]: Thread[main,5,main] Starting BatchInserter(EmbeddedBatchInserter[.joernIndex])
2017-04-07 05:14:09.244+0000 INFO  [org.neo4j]: [.joernIndex/neostore.relationshiptypestore.db.names] brickCount=0 brickSize=0b mappedMem=0b (storeSize=38b)
2017-04-07 05:14:09.244+0000 INFO  [org.neo4j]: [.joernIndex/neostore.relationshiptypestore.db] brickCount=0 brickSize=0b mappedMem=0b (storeSize=0b)
2017-04-07 05:14:09.245+0000 INFO  [org.neo4j]: [.joernIndex/neostore.labeltokenstore.db.names] brickCount=0 brickSize=0b mappedMem=0b (storeSize=38b)
2017-04-07 05:14:09.245+0000 INFO  [org.neo4j]: [.joernIndex/neostore.labeltokenstore.db] brickCount=0 brickSize=0b mappedMem=0b (storeSize=0b)
2017-04-07 05:14:09.246+0000 INFO  [org.neo4j]: [.joernIndex/neostore.propertystore.db.strings] brickCount=0 brickSize=209664b mappedMem=209715200b (storeSize=128b)
2017-04-07 05:14:09.246+0000 INFO  [org.neo4j]: [.joernIndex/neostore.propertystore.db.index.keys] brickCount=0 brickSize=5206b mappedMem=5242880b (storeSize=38b)
2017-04-07 05:14:09.247+0000 INFO  [org.neo4j]: [.joernIndex/neostore.propertystore.db.index] brickCount=0 brickSize=52425b mappedMem=5242880b (storeSize=0b)
2017-04-07 05:14:09.247+0000 INFO  [org.neo4j]: [.joernIndex/neostore.propertystore.db.arrays] brickCount=0 brickSize=136192b mappedMem=136314880b (storeSize=128b)
2017-04-07 05:14:09.248+0000 INFO  [org.neo4j]: [.joernIndex/neostore.propertystore.db] brickCount=0 brickSize=2097150b mappedMem=209715200b (storeSize=0b)
2017-04-07 05:14:09.248+0000 INFO  [org.neo4j]: [.joernIndex/neostore.relationshipstore.db] brickCount=0 brickSize=21474808b mappedMem=2147483648b (storeSize=0b)
2017-04-07 05:14:09.249+0000 INFO  [org.neo4j]: [.joernIndex/neostore.nodestore.db.labels] brickCount=0 brickSize=0b mappedMem=0b (storeSize=68b)
2017-04-07 05:14:09.250+0000 INFO  [org.neo4j]: [.joernIndex/neostore.nodestore.db] brickCount=0 brickSize=2097150b mappedMem=209715200b (storeSize=0b)
2017-04-07 05:14:09.250+0000 INFO  [org.neo4j]: [.joernIndex/neostore.schemastore.db] brickCount=0 brickSize=0b mappedMem=0b (storeSize=64b)
2017-04-07 05:14:09.251+0000 INFO  [org.neo4j]: [.joernIndex/neostore.relationshipgroupstore.db] brickCount=0 brickSize=0b mappedMem=0b (storeSize=25b)
2017-04-07 05:14:09.251+0000 INFO  [org.neo4j]: [.joernIndex/neostore] brickCount=0 brickSize=0b mappedMem=0b (storeSize=81b)
2017-04-07 05:14:09.320+0000 INFO  [org.neo4j]: No lucene scan store index found, this might just be first use. Preparing to rebuild.
2017-04-07 05:14:09.346+0000 INFO  [org.neo4j]: No lucene scan store index found, this might just be first use. Preparing to rebuild.
2017-04-07 05:14:09.454+0000 INFO  [org.neo4j]: Rebuilding lucene scan store, this may take a while
2017-04-07 05:14:09.455+0000 INFO  [org.neo4j]: Lucene scan store rebuilt (roughly -1 nodes)
2017-04-07 05:14:28.779+0000 INFO  [org.neo4j]: .joernIndex/neostore.relationshiptypestore.db.names hit=0 miss=13 switches=0 ooe=0
2017-04-07 05:14:28.861+0000 INFO  [org.neo4j]: .joernIndex/neostore.relationshiptypestore.db hit=0 miss=13 switches=0 ooe=0
2017-04-07 05:14:28.920+0000 INFO  [org.neo4j]: .joernIndex/neostore.labeltokenstore.db.names hit=0 miss=0 switches=0 ooe=0
2017-04-07 05:14:28.978+0000 INFO  [org.neo4j]: .joernIndex/neostore.labeltokenstore.db hit=0 miss=0 switches=0 ooe=0
2017-04-07 05:14:30.433+0000 INFO  [org.neo4j]: .joernIndex/neostore.propertystore.db.strings hit=50218 miss=0 switches=0 ooe=0
2017-04-07 05:14:30.496+0000 INFO  [org.neo4j]: .joernIndex/neostore.propertystore.db.index.keys hit=14 miss=0 switches=0 ooe=0
2017-04-07 05:14:30.575+0000 INFO  [org.neo4j]: .joernIndex/neostore.propertystore.db.index hit=14 miss=0 switches=0 ooe=0
2017-04-07 05:14:30.625+0000 INFO  [org.neo4j]: .joernIndex/neostore.propertystore.db.arrays hit=0 miss=0 switches=0 ooe=0
2017-04-07 05:14:31.611+0000 INFO  [org.neo4j]: .joernIndex/neostore.propertystore.db hit=891744 miss=0 switches=0 ooe=0
2017-04-07 05:14:31.945+0000 INFO  [org.neo4j]: .joernIndex/neostore.relationshipstore.db hit=3046271 miss=0 switches=0 ooe=0
2017-04-07 05:14:32.004+0000 INFO  [org.neo4j]: .joernIndex/neostore.nodestore.db.labels hit=0 miss=0 switches=0 ooe=0
2017-04-07 05:14:32.212+0000 INFO  [org.neo4j]: .joernIndex/neostore.nodestore.db hit=3306454 miss=0 switches=0 ooe=0
2017-04-07 05:14:32.271+0000 INFO  [org.neo4j]: .joernIndex/neostore.schemastore.db hit=0 miss=0 switches=0 ooe=0
2017-04-07 05:14:32.371+0000 INFO  [org.neo4j]: .joernIndex/neostore.relationshipgroupstore.db hit=0 miss=144685 switches=0 ooe=0
2017-04-07 05:14:32.429+0000 INFO  [org.neo4j]: .joernIndex/neostore hit=0 miss=2 switches=0 ooe=0
2017-04-07 05:14:32.521+0000 INFO  [org.neo4j]: Thread[main,5,main] Clean shutdown on BatchInserter(EmbeddedBatchInserter[.joernIndex])
2017-04-07 05:14:53.539+0000 WARN  [o.n.k.i.JvmChecker]: You are using an unsupported version of the Java runtime. Please use Oracle(R) Java(TM) Runtime Environment 7 or OpenJDK(TM) 7.
2017-04-07 05:14:53.575+0000 INFO  [o.n.s.CommunityNeoServer]: Setting startup timeout to: 120000ms based on -1
2017-04-07 05:14:53.612+0000 WARN  [o.n.k.EmbeddedGraphDatabase]: You are using an unsupported version of the Java runtime. Please use Oracle(R) Java(TM) Runtime Environment 7 or OpenJDK(TM) 7.
2017-04-07 05:14:53.622+0000 INFO  [o.n.k.InternalAbstractGraphDatabase]: No locking implementation specified, defaulting to 'community'
2017-04-07 05:14:53.655+0000 INFO  [o.n.k.i.DiagnosticsManager]: --- INITIALIZED diagnostics START ---
2017-04-07 05:14:53.656+0000 INFO  [o.n.k.i.DiagnosticsManager]: Neo4j Kernel properties:
2017-04-07 05:14:53.656+0000 INFO  [o.n.k.i.DiagnosticsManager]: neostore.propertystore.db.strings.mapped_memory=1064M
2017-04-07 05:14:53.656+0000 INFO  [o.n.k.i.DiagnosticsManager]: neostore.nodestore.db.mapped_memory=347M
2017-04-07 05:14:53.656+0000 INFO  [o.n.k.i.DiagnosticsManager]: store_dir=/home/situlingyun/Documents/joern-0.3.1/.joernIndex
2017-04-07 05:14:53.656+0000 INFO  [o.n.k.i.DiagnosticsManager]: neostore.propertystore.db.arrays.mapped_memory=1206M
2017-04-07 05:14:53.656+0000 INFO  [o.n.k.i.DiagnosticsManager]: remote_shell_enabled=true
2017-04-07 05:14:53.656+0000 INFO  [o.n.k.i.DiagnosticsManager]: neostore.propertystore.db.mapped_memory=1252M
2017-04-07 05:14:53.656+0000 INFO  [o.n.k.i.DiagnosticsManager]: neostore.relationshipstore.db.mapped_memory=1534M
2017-04-07 05:14:53.657+0000 INFO  [o.n.k.i.DiagnosticsManager]: Diagnostics providers:
2017-04-07 05:14:53.657+0000 INFO  [o.n.k.i.DiagnosticsManager]: org.neo4j.kernel.configuration.Config
2017-04-07 05:14:53.657+0000 INFO  [o.n.k.i.DiagnosticsManager]: org.neo4j.kernel.info.DiagnosticsManager
2017-04-07 05:14:53.657+0000 INFO  [o.n.k.i.DiagnosticsManager]: SYSTEM_MEMORY
2017-04-07 05:14:53.657+0000 INFO  [o.n.k.i.DiagnosticsManager]: JAVA_MEMORY
2017-04-07 05:14:53.657+0000 INFO  [o.n.k.i.DiagnosticsManager]: OPERATING_SYSTEM
2017-04-07 05:14:53.657+0000 INFO  [o.n.k.i.DiagnosticsManager]: JAVA_VIRTUAL_MACHINE
2017-04-07 05:14:53.657+0000 INFO  [o.n.k.i.DiagnosticsManager]: CLASSPATH
2017-04-07 05:14:53.657+0000 INFO  [o.n.k.i.DiagnosticsManager]: LIBRARY_PATH
2017-04-07 05:14:53.657+0000 INFO  [o.n.k.i.DiagnosticsManager]: SYSTEM_PROPERTIES
2017-04-07 05:14:53.657+0000 INFO  [o.n.k.i.DiagnosticsManager]: LINUX_SCHEDULERS
2017-04-07 05:14:53.657+0000 INFO  [o.n.k.i.DiagnosticsManager]: NETWORK
2017-04-07 05:14:53.658+0000 INFO  [o.n.k.i.DiagnosticsManager]: System memory information:
2017-04-07 05:14:53.659+0000 INFO  [o.n.k.i.DiagnosticsManager]: Total Physical memory: 15.56 GB
2017-04-07 05:14:53.660+0000 INFO  [o.n.k.i.DiagnosticsManager]: Free Physical memory: 12.86 GB
2017-04-07 05:14:53.660+0000 INFO  [o.n.k.i.DiagnosticsManager]: Committed virtual memory: 7.04 GB
2017-04-07 05:14:53.660+0000 INFO  [o.n.k.i.DiagnosticsManager]: Total swap space: 15.91 GB
2017-04-07 05:14:53.660+0000 INFO  [o.n.k.i.DiagnosticsManager]: Free swap space: 15.91 GB
2017-04-07 05:14:53.661+0000 INFO  [o.n.k.i.DiagnosticsManager]: JVM memory information:
2017-04-07 05:14:53.663+0000 INFO  [o.n.k.i.DiagnosticsManager]: Free  memory: 194.63 MB
2017-04-07 05:14:53.663+0000 INFO  [o.n.k.i.DiagnosticsManager]: Total memory: 241.69 MB
2017-04-07 05:14:53.663+0000 INFO  [o.n.k.i.DiagnosticsManager]: Max   memory: 3.81 GB
2017-04-07 05:14:53.664+0000 INFO  [o.n.k.i.DiagnosticsManager]: Garbage Collector: ParNew: [Par Eden Space, Par Survivor Space]
2017-04-07 05:14:53.664+0000 INFO  [o.n.k.i.DiagnosticsManager]: Garbage Collector: ConcurrentMarkSweep: [Par Eden Space, Par Survivor Space, CMS Old Gen]
2017-04-07 05:14:53.664+0000 INFO  [o.n.k.i.DiagnosticsManager]: Memory Pool: Code Cache (Non-heap memory): committed=3.06 MB, used=3.03 MB, max=240.00 MB, threshold=0.00 B
2017-04-07 05:14:53.665+0000 INFO  [o.n.k.i.DiagnosticsManager]: Memory Pool: Metaspace (Non-heap memory): committed=13.00 MB, used=12.73 MB, max=-1.00 B, threshold=0.00 B
2017-04-07 05:14:53.665+0000 INFO  [o.n.k.i.DiagnosticsManager]: Memory Pool: Compressed Class Space (Non-heap memory): committed=1.75 MB, used=1.67 MB, max=1.00 GB, threshold=0.00 B
2017-04-07 05:14:53.665+0000 INFO  [o.n.k.i.DiagnosticsManager]: Memory Pool: Par Eden Space (Heap memory): committed=66.69 MB, used=47.06 MB, max=665.63 MB, threshold=?
2017-04-07 05:14:53.666+0000 INFO  [o.n.k.i.DiagnosticsManager]: Memory Pool: Par Survivor Space (Heap memory): committed=8.31 MB, used=0.00 B, max=83.19 MB, threshold=?
2017-04-07 05:14:53.666+0000 INFO  [o.n.k.i.DiagnosticsManager]: Memory Pool: CMS Old Gen (Heap memory): committed=166.69 MB, used=0.00 B, max=3.08 GB, threshold=0.00 B
2017-04-07 05:14:53.666+0000 INFO  [o.n.k.i.DiagnosticsManager]: Operating system information:
2017-04-07 05:14:53.666+0000 INFO  [o.n.k.i.DiagnosticsManager]: Operating System: Linux; version: 4.4.0-72-generic; arch: amd64; cpus: 12
2017-04-07 05:14:53.667+0000 INFO  [o.n.k.i.DiagnosticsManager]: Max number of file descriptors: 65536
2017-04-07 05:14:53.667+0000 INFO  [o.n.k.i.DiagnosticsManager]: Number of open file descriptors: 110
2017-04-07 05:14:53.667+0000 INFO  [o.n.k.i.DiagnosticsManager]: Process id: 4280@stly
2017-04-07 05:14:53.667+0000 INFO  [o.n.k.i.DiagnosticsManager]: Byte order: LITTLE_ENDIAN
2017-04-07 05:14:53.667+0000 INFO  [o.n.k.i.DiagnosticsManager]: Local timezone: Asia/Singapore
2017-04-07 05:14:53.667+0000 INFO  [o.n.k.i.DiagnosticsManager]: JVM information:
2017-04-07 05:14:53.667+0000 INFO  [o.n.k.i.DiagnosticsManager]: VM Name: Java HotSpot(TM) 64-Bit Server VM
2017-04-07 05:14:53.667+0000 INFO  [o.n.k.i.DiagnosticsManager]: VM Vendor: Oracle Corporation
2017-04-07 05:14:53.667+0000 INFO  [o.n.k.i.DiagnosticsManager]: VM Version: 25.121-b13
2017-04-07 05:14:53.667+0000 INFO  [o.n.k.i.DiagnosticsManager]: JIT compiler: HotSpot 64-Bit Tiered Compilers
2017-04-07 05:14:53.668+0000 INFO  [o.n.k.i.DiagnosticsManager]: VM Arguments: [-XX:+DisableExplicitGC, -Dorg.neo4j.server.properties=conf/neo4j-server.properties, -Djava.util.logging.config.file=conf/logging.properties, -Dlog4j.configuration=file:conf/log4j.properties, -XX:+UseConcMarkSweepGC, -XX:+CMSClassUnloadingEnabled, -Dneo4j.home=/home/situlingyun/Documents/neo4j-community-2.1.5, -Dneo4j.instance=/home/situlingyun/Documents/neo4j-community-2.1.5, -Dfile.encoding=UTF-8]
2017-04-07 05:14:53.668+0000 INFO  [o.n.k.i.DiagnosticsManager]: Java classpath:
2017-04-07 05:14:53.669+0000 INFO  [o.n.k.i.DiagnosticsManager]:  [classpath + loader.0] file:/home/situlingyun/Documents/neo4j-community-2.1.5/system/lib/jetty-io-9.0.5.v20130815.jar
2017-04-07 05:14:53.669+0000 INFO  [o.n.k.i.DiagnosticsManager]:  [classpath + loader.0] file:/home/situlingyun/Documents/neo4j-community-2.1.5/plugins/gremlin-plugin/jackson-annotations-2.2.2.jar
2017-04-07 05:14:53.669+0000 INFO  [o.n.k.i.DiagnosticsManager]:  [loader.1] file:/opt/jdk1.8.0_121/jre/lib/ext/jaccess.jar
2017-04-07 05:14:53.669+0000 INFO  [o.n.k.i.DiagnosticsManager]:  [classpath + loader.0] file:/home/situlingyun/Documents/neo4j-community-2.1.5/system/lib/javax.servlet-3.0.0.v201112011016.jar
2017-04-07 05:14:53.669+0000 INFO  [o.n.k.i.DiagnosticsManager]:  [classpath + loader.0] file:/home/situlingyun/Documents/neo4j-community-2.1.5/plugins/gremlin-plugin/asm-analysis-3.2.jar
2017-04-07 05:14:53.669+0000 INFO  [o.n.k.i.DiagnosticsManager]:  [classpath + loader.0] file:/home/situlingyun/Documents/neo4j-community-2.1.5/plugins/gremlin-plugin/commons-logging-1.1.1.jar
2017-04-07 05:14:53.669+0000 INFO  [o.n.k.i.DiagnosticsManager]:  [classpath + loader.0] file:/home/situlingyun/Documents/neo4j-community-2.1.5/system/lib/jersey-server-1.9.jar
2017-04-07 05:14:53.669+0000 INFO  [o.n.k.i.DiagnosticsManager]:  [classpath + loader.0] file:/home/situlingyun/Documents/neo4j-community-2.1.5/system/lib/jsr311-api-1.1.2.r612.jar
2017-04-07 05:14:53.669+0000 INFO  [o.n.k.i.DiagnosticsManager]:  [classpath + loader.0] file:/home/situlingyun/Documents/neo4j-community-2.1.5/plugins/gremlin-plugin/asm-util-3.2.jar
2017-04-07 05:14:53.669+0000 INFO  [o.n.k.i.DiagnosticsManager]:  [loader.1] file:/opt/jdk1.8.0_121/jre/lib/ext/localedata.jar
2017-04-07 05:14:53.669+0000 INFO  [o.n.k.i.DiagnosticsManager]:  [bootstrap] /opt/jdk1.8.0_121/jre/lib/charsets.jar
2017-04-07 05:14:53.669+0000 INFO  [o.n.k.i.DiagnosticsManager]:  [classpath + loader.0] file:/home/situlingyun/Documents/neo4j-community-2.1.5/lib/neo4j-cypher-compiler-1.9-2.0.3.jar
2017-04-07 05:14:53.669+0000 INFO  [o.n.k.i.DiagnosticsManager]:  [classpath + loader.0] file:/home/situlingyun/Documents/neo4j-community-2.1.5/system/lib/mimepull-1.6.jar
2017-04-07 05:14:53.669+0000 INFO  [o.n.k.i.DiagnosticsManager]:  [classpath + loader.0] file:/home/situlingyun/Documents/neo4j-community-2.1.5/plugins/gremlin-plugin/gremlin-groovy-2.5.0.jar
2017-04-07 05:14:53.669+0000 INFO  [o.n.k.i.DiagnosticsManager]:  [classpath + loader.0] file:/home/situlingyun/Documents/neo4j-community-2.1.5/plugins/gremlin-plugin/pipes-2.5.0.jar
2017-04-07 05:14:53.669+0000 INFO  [o.n.k.i.DiagnosticsManager]:  [classpath + loader.0] file:/home/situlingyun/Documents/neo4j-community-2.1.5/plugins/gremlin-plugin/gremlin-java-2.5.0.jar
2017-04-07 05:14:53.669+0000 INFO  [o.n.k.i.DiagnosticsManager]:  [classpath + loader.0] file:/home/situlingyun/Documents/neo4j-community-2.1.5/lib/neo4j-primitive-collections-2.1.5.jar
2017-04-07 05:14:53.669+0000 INFO  [o.n.k.i.DiagnosticsManager]:  [classpath + loader.0] file:/home/situlingyun/Documents/neo4j-community-2.1.5/plugins/gremlin-plugin/gson-2.2.2.jar
2017-04-07 05:14:53.670+0000 INFO  [o.n.k.i.DiagnosticsManager]:  [classpath + loader.0] file:/home/situlingyun/Documents/neo4j-community-2.1.5/lib/neo4j-graph-algo-2.1.5.jar
2017-04-07 05:14:53.670+0000 INFO  [o.n.k.i.DiagnosticsManager]:  [classpath + loader.0] file:/home/situlingyun/Documents/neo4j-community-2.1.5/lib/server-api-2.1.5.jar
2017-04-07 05:14:53.670+0000 INFO  [o.n.k.i.DiagnosticsManager]:  [classpath + loader.0] file:/home/situlingyun/Documents/neo4j-community-2.1.5/system/lib/jetty-security-9.0.5.v20130815.jar
2017-04-07 05:14:53.670+0000 INFO  [o.n.k.i.DiagnosticsManager]:  [classpath + loader.0] file:/home/situlingyun/Documents/neo4j-community-2.1.5/system/lib/commons-beanutils-1.8.0.jar
2017-04-07 05:14:53.670+0000 INFO  [o.n.k.i.DiagnosticsManager]:  [classpath + loader.0] file:/home/situlingyun/Documents/neo4j-community-2.1.5/system/lib/jackson-jaxrs-1.9.7.jar
2017-04-07 05:14:53.670+0000 INFO  [o.n.k.i.DiagnosticsManager]:  [classpath + loader.0] file:/home/situlingyun/Documents/neo4j-community-2.1.5/system/lib/rhino-1.7R4.jar
2017-04-07 05:14:53.670+0000 INFO  [o.n.k.i.DiagnosticsManager]:  [classpath + loader.0] file:/home/situlingyun/Documents/neo4j-community-2.1.5/lib/neo4j-udc-2.1.5.jar
2017-04-07 05:14:53.670+0000 INFO  [o.n.k.i.DiagnosticsManager]:  [classpath + loader.0] file:/home/situlingyun/Documents/neo4j-community-2.1.5/system/lib/commons-digester-1.8.1.jar
2017-04-07 05:14:53.670+0000 INFO  [o.n.k.i.DiagnosticsManager]:  [classpath + loader.0] file:/home/situlingyun/Documents/neo4j-community-2.1.5/lib/opencsv-2.0.jar
2017-04-07 05:14:53.670+0000 INFO  [o.n.k.i.DiagnosticsManager]:  [classpath + loader.0] file:/home/situlingyun/Documents/neo4j-community-2.1.5/system/lib/commons-configuration-1.6.jar
2017-04-07 05:14:53.670+0000 INFO  [o.n.k.i.DiagnosticsManager]:  [classpath + loader.0] file:/home/situlingyun/Documents/neo4j-community-2.1.5/plugins/gremlin-plugin/ant-launcher-1.8.3.jar
2017-04-07 05:14:53.670+0000 INFO  [o.n.k.i.DiagnosticsManager]:  [classpath + loader.0] file:/home/situlingyun/Documents/neo4j-community-2.1.5/plugins/gremlin-plugin/jackson-databind-2.2.2.jar
2017-04-07 05:14:53.670+0000 INFO  [o.n.k.i.DiagnosticsManager]:  [classpath + loader.0] file:/home/situlingyun/Documents/neo4j-community-2.1.5/lib/lucene-core-3.6.2.jar
2017-04-07 05:14:53.670+0000 INFO  [o.n.k.i.DiagnosticsManager]:  [classpath + loader.0] file:/home/situlingyun/Documents/neo4j-community-2.1.5/lib/neo4j-cypher-commons-2.1.5.jar
2017-04-07 05:14:53.670+0000 INFO  [o.n.k.i.DiagnosticsManager]:  [classpath + loader.0] file:/home/situlingyun/Documents/neo4j-community-2.1.5/plugins/gremlin-plugin/ivy-2.3.0.jar
2017-04-07 05:14:53.670+0000 INFO  [o.n.k.i.DiagnosticsManager]:  [classpath + loader.0] file:/home/situlingyun/Documents/neo4j-community-2.1.5/lib/org.apache.servicemix.bundles.jline-0.9.94_1.jar
2017-04-07 05:14:53.670+0000 INFO  [o.n.k.i.DiagnosticsManager]:  [classpath + loader.0] file:/home/situlingyun/Documents/neo4j-community-2.1.5/plugins/gremlin-plugin/asm-tree-3.2.jar
2017-04-07 05:14:53.670+0000 INFO  [o.n.k.i.DiagnosticsManager]:  [classpath + loader.0] file:/home/situlingyun/Documents/neo4j-community-2.1.5/system/lib/jetty-servlet-9.0.5.v20130815.jar
2017-04-07 05:14:53.670+0000 INFO  [o.n.k.i.DiagnosticsManager]:  [classpath + loader.0] file:/home/situlingyun/Documents/neo4j-community-2.1.5/plugins/gremlin-plugin/concurrent-1.3.4.jar
2017-04-07 05:14:53.670+0000 INFO  [o.n.k.i.DiagnosticsManager]:  [classpath + loader.0] file:/home/situlingyun/Documents/neo4j-community-2.1.5/plugins/gremlin-plugin/commons-collections-3.2.1.jar
2017-04-07 05:14:53.670+0000 INFO  [o.n.k.i.DiagnosticsManager]:  [loader.1] file:/opt/jdk1.8.0_121/jre/lib/ext/jfxrt.jar
2017-04-07 05:14:53.670+0000 INFO  [o.n.k.i.DiagnosticsManager]:  [classpath + loader.0] file:/home/situlingyun/Documents/neo4j-community-2.1.5/plugins/gremlin-plugin/asm-3.1.jar
2017-04-07 05:14:53.670+0000 INFO  [o.n.k.i.DiagnosticsManager]:  [classpath + loader.0] file:/home/situlingyun/Documents/neo4j-community-2.1.5/plugins/gremlin-plugin/groovy-1.8.9.jar
2017-04-07 05:14:53.670+0000 INFO  [o.n.k.i.DiagnosticsManager]:  [classpath + loader.0] file:/home/situlingyun/Documents/neo4j-community-2.1.5/plugins/gremlin-plugin/commons-lang-2.4.jar
2017-04-07 05:14:53.670+0000 INFO  [o.n.k.i.DiagnosticsManager]:  [classpath + loader.0] file:/home/situlingyun/Documents/neo4j-community-2.1.5/plugins/gremlin-plugin/commons-digester-1.8.1.jar
2017-04-07 05:14:53.670+0000 INFO  [o.n.k.i.DiagnosticsManager]:  [classpath + loader.0] file:/home/situlingyun/Documents/neo4j-community-2.1.5/lib/neo4j-cypher-compiler-2.0-2.0.3.jar
2017-04-07 05:14:53.670+0000 INFO  [o.n.k.i.DiagnosticsManager]:  [classpath + loader.0] file:/home/situlingyun/Documents/neo4j-community-2.1.5/system/lib/commons-logging-1.1.1.jar
2017-04-07 05:14:53.670+0000 INFO  [o.n.k.i.DiagnosticsManager]:  [classpath + loader.0] file:/home/situlingyun/Documents/neo4j-community-2.1.5/lib/geronimo-jta_1.1_spec-1.1.1.jar
2017-04-07 05:14:53.670+0000 INFO  [o.n.k.i.DiagnosticsManager]:  [classpath + loader.0] file:/home/situlingyun/Documents/neo4j-community-2.1.5/lib/parboiled-scala_2.10-1.1.6.jar
2017-04-07 05:14:53.670+0000 INFO  [o.n.k.i.DiagnosticsManager]:  [classpath + loader.0] file:/home/situlingyun/Documents/neo4j-community-2.1.5/lib/neo4j-shell-2.1.5.jar
2017-04-07 05:14:53.670+0000 INFO  [o.n.k.i.DiagnosticsManager]:  [classpath + loader.0] file:/home/situlingyun/Documents/neo4j-community-2.1.5/system/lib/opencsv-2.0.jar
2017-04-07 05:14:53.670+0000 INFO  [o.n.k.i.DiagnosticsManager]:  [classpath + loader.0] file:/home/situlingyun/Documents/neo4j-community-2.1.5/system/lib/asm-3.1.jar
2017-04-07 05:14:53.670+0000 INFO  [o.n.k.i.DiagnosticsManager]:  [bootstrap] /opt/jdk1.8.0_121/jre/lib/jsse.jar
2017-04-07 05:14:53.670+0000 INFO  [o.n.k.i.DiagnosticsManager]:  [classpath + loader.0] file:/home/situlingyun/Documents/neo4j-community-2.1.5/system/lib/commons-io-1.4.jar
2017-04-07 05:14:53.670+0000 INFO  [o.n.k.i.DiagnosticsManager]:  [loader.1] file:/opt/jdk1.8.0_121/jre/lib/ext/cldrdata.jar
2017-04-07 05:14:53.670+0000 INFO  [o.n.k.i.DiagnosticsManager]:  [bootstrap] /opt/jdk1.8.0_121/jre/lib/jfr.jar
2017-04-07 05:14:53.670+0000 INFO  [o.n.k.i.DiagnosticsManager]:  [classpath + loader.0] file:/home/situlingyun/Documents/neo4j-community-2.1.5/lib/concurrentlinkedhashmap-lru-1.3.1.jar
2017-04-07 05:14:53.670+0000 INFO  [o.n.k.i.DiagnosticsManager]:  [classpath + loader.0] file:/home/situlingyun/Documents/neo4j-community-2.1.5/lib/neo4j-graph-matching-2.1.5.jar
2017-04-07 05:14:53.670+0000 INFO  [o.n.k.i.DiagnosticsManager]:  [bootstrap] /opt/jdk1.8.0_121/jre/classes
2017-04-07 05:14:53.670+0000 INFO  [o.n.k.i.DiagnosticsManager]:  [classpath + loader.0] file:/home/situlingyun/Documents/neo4j-community-2.1.5/lib/neo4j-kernel-2.1.5.jar
2017-04-07 05:14:53.671+0000 INFO  [o.n.k.i.DiagnosticsManager]:  [classpath + loader.0] file:/home/situlingyun/Documents/neo4j-community-2.1.5/plugins/gremlin-plugin/jansi-1.5.jar
2017-04-07 05:14:53.671+0000 INFO  [o.n.k.i.DiagnosticsManager]:  [classpath + loader.0] file:/home/situlingyun/Documents/neo4j-community-2.1.5/system/lib/janino-2.6.1.jar
2017-04-07 05:14:53.671+0000 INFO  [o.n.k.i.DiagnosticsManager]:  [loader.1] file:/opt/jdk1.8.0_121/jre/lib/ext/dnsns.jar
2017-04-07 05:14:53.671+0000 INFO  [o.n.k.i.DiagnosticsManager]:  [classpath + loader.0] file:/home/situlingyun/Documents/neo4j-community-2.1.5/lib/neo4j-cypher-compiler-2.1-2.1.5.jar
2017-04-07 05:14:53.671+0000 INFO  [o.n.k.i.DiagnosticsManager]:  [classpath + loader.0] file:/home/situlingyun/Documents/neo4j-community-2.1.5/plugins/gremlin-plugin/jettison-1.3.3.jar
2017-04-07 05:14:53.671+0000 INFO  [o.n.k.i.DiagnosticsManager]:  [classpath + loader.0] file:/home/situlingyun/Documents/neo4j-community-2.1.5/conf/
2017-04-07 05:14:53.671+0000 INFO  [o.n.k.i.DiagnosticsManager]:  [loader.1] file:/opt/jdk1.8.0_121/jre/lib/ext/sunpkcs11.jar
2017-04-07 05:14:53.671+0000 INFO  [o.n.k.i.DiagnosticsManager]:  [classpath + loader.0] file:/home/situlingyun/Documents/neo4j-community-2.1.5/system/lib/jersey-core-1.9.jar
2017-04-07 05:14:53.671+0000 INFO  [o.n.k.i.DiagnosticsManager]:  [bootstrap] /opt/jdk1.8.0_121/jre/lib/jce.jar
2017-04-07 05:14:53.671+0000 INFO  [o.n.k.i.DiagnosticsManager]:  [classpath + loader.0] file:/home/situlingyun/Documents/neo4j-community-2.1.5/plugins/gremlin-plugin/colt-1.2.0.jar
2017-04-07 05:14:53.671+0000 INFO  [o.n.k.i.DiagnosticsManager]:  [classpath + loader.0] file:/home/situlingyun/Documents/neo4j-community-2.1.5/plugins/gremlin-plugin/blueprints-neo4j2-graph-2.5.0.jar
2017-04-07 05:14:53.671+0000 INFO  [o.n.k.i.DiagnosticsManager]:  [bootstrap] /opt/jdk1.8.0_121/jre/lib/resources.jar
2017-04-07 05:14:53.671+0000 INFO  [o.n.k.i.DiagnosticsManager]:  [classpath + loader.0] file:/home/situlingyun/Documents/neo4j-community-2.1.5/system/lib/bcprov-jdk16-140.jar
2017-04-07 05:14:53.671+0000 INFO  [o.n.k.i.DiagnosticsManager]:  [classpath + loader.0] file:/home/situlingyun/Documents/neo4j-community-2.1.5/system/lib/commons-lang-2.4.jar
2017-04-07 05:14:53.671+0000 INFO  [o.n.k.i.DiagnosticsManager]:  [bootstrap] /opt/jdk1.8.0_121/jre/lib/sunrsasign.jar
2017-04-07 05:14:53.671+0000 INFO  [o.n.k.i.DiagnosticsManager]:  [classpath + loader.0] file:/home/situlingyun/Documents/neo4j-community-2.1.5/lib/scala-library-2.10.4.jar
2017-04-07 05:14:53.671+0000 INFO  [o.n.k.i.DiagnosticsManager]:  [loader.1] file:/opt/jdk1.8.0_121/jre/lib/ext/zipfs.jar
2017-04-07 05:14:53.671+0000 INFO  [o.n.k.i.DiagnosticsManager]:  [classpath + loader.0] file:/home/situlingyun/Documents/neo4j-community-2.1.5/plugins/gremlin-plugin/jackson-core-2.2.2.jar
2017-04-07 05:14:53.671+0000 INFO  [o.n.k.i.DiagnosticsManager]:  [classpath + loader.0] file:/home/situlingyun/Documents/neo4j-community-2.1.5/system/lib/jetty-xml-9.0.5.v20130815.jar
2017-04-07 05:14:53.671+0000 INFO  [o.n.k.i.DiagnosticsManager]:  [classpath + loader.0] file:/home/situlingyun/Documents/neo4j-community-2.1.5/lib/neo4j-jmx-2.1.5.jar
2017-04-07 05:14:53.671+0000 INFO  [o.n.k.i.DiagnosticsManager]:  [classpath + loader.0] file:/home/situlingyun/Documents/neo4j-community-2.1.5/plugins/gremlin-plugin/blueprints-core-2.5.0.jar
2017-04-07 05:14:53.671+0000 INFO  [o.n.k.i.DiagnosticsManager]:  [classpath + loader.0] file:/home/situlingyun/Documents/neo4j-community-2.1.5/system/lib/slf4j-api-1.6.2.jar
2017-04-07 05:14:53.671+0000 INFO  [o.n.k.i.DiagnosticsManager]:  [loader.1] file:/opt/jdk1.8.0_121/jre/lib/ext/sunec.jar
2017-04-07 05:14:53.671+0000 INFO  [o.n.k.i.DiagnosticsManager]:  [classpath + loader.0] file:/home/situlingyun/Documents/neo4j-community-2.1.5/lib/neo4j-lucene-index-2.1.5.jar
2017-04-07 05:14:53.671+0000 INFO  [o.n.k.i.DiagnosticsManager]:  [classpath + loader.0] file:/home/situlingyun/Documents/neo4j-community-2.1.5/plugins/gremlin-plugin/neo4j-gremlin-plugin-2.1-SNAPSHOT.jar
2017-04-07 05:14:53.671+0000 INFO  [o.n.k.i.DiagnosticsManager]:  [classpath + loader.0] file:/home/situlingyun/Documents/neo4j-community-2.1.5/system/lib/jetty-http-9.0.5.v20130815.jar
2017-04-07 05:14:53.671+0000 INFO  [o.n.k.i.DiagnosticsManager]:  [classpath + loader.0] file:/home/situlingyun/Documents/neo4j-community-2.1.5/system/lib/neo4j-server-2.1.5-static-web.jar
2017-04-07 05:14:53.671+0000 INFO  [o.n.k.i.DiagnosticsManager]:  [classpath + loader.0] file:/home/situlingyun/Documents/neo4j-community-2.1.5/plugins/gremlin-plugin/commons-beanutils-1.7.0.jar
2017-04-07 05:14:53.671+0000 INFO  [o.n.k.i.DiagnosticsManager]:  [classpath + loader.0] file:/home/situlingyun/Documents/neo4j-community-2.1.5/plugins/gremlin-plugin/antlr-2.7.7.jar
2017-04-07 05:14:53.671+0000 INFO  [o.n.k.i.DiagnosticsManager]:  [loader.1] file:/opt/jdk1.8.0_121/jre/lib/ext/sunjce_provider.jar
2017-04-07 05:14:53.671+0000 INFO  [o.n.k.i.DiagnosticsManager]:  [classpath + loader.0] file:/home/situlingyun/Documents/neo4j-community-2.1.5/plugins/gremlin-plugin/json-20090211.jar
2017-04-07 05:14:53.671+0000 INFO  [o.n.k.i.DiagnosticsManager]:  [classpath + loader.0] file:/home/situlingyun/Documents/neo4j-community-2.1.5/plugins/gremlin-plugin/asm-commons-3.2.jar
2017-04-07 05:14:53.671+0000 INFO  [o.n.k.i.DiagnosticsManager]:  [classpath + loader.0] file:/home/situlingyun/Documents/neo4j-community-2.1.5/plugins/gremlin-plugin/stax-api-1.0.1.jar
2017-04-07 05:14:53.671+0000 INFO  [o.n.k.i.DiagnosticsManager]:  [classpath + loader.0] file:/home/situlingyun/Documents/neo4j-community-2.1.5/system/lib/commons-collections-3.2.1.jar
2017-04-07 05:14:53.671+0000 INFO  [o.n.k.i.DiagnosticsManager]:  [classpath + loader.0] file:/home/situlingyun/Documents/neo4j-community-2.1.5/system/lib/logback-access-1.1.2.jar
2017-04-07 05:14:53.671+0000 INFO  [o.n.k.i.DiagnosticsManager]:  [classpath + loader.0] file:/home/situlingyun/Documents/neo4j-community-2.1.5/system/lib/jersey-multipart-1.9.jar
2017-04-07 05:14:53.672+0000 INFO  [o.n.k.i.DiagnosticsManager]:  [classpath + loader.0] file:/home/situlingyun/Documents/neo4j-community-2.1.5/system/lib/commons-compiler-2.6.1.jar
2017-04-07 05:14:53.672+0000 INFO  [o.n.k.i.DiagnosticsManager]:  [bootstrap] /opt/jdk1.8.0_121/jre/lib/rt.jar
2017-04-07 05:14:53.672+0000 INFO  [o.n.k.i.DiagnosticsManager]:  [classpath + loader.0] file:/home/situlingyun/Documents/neo4j-community-2.1.5/system/lib/jcl-over-slf4j-1.6.1.jar
2017-04-07 05:14:53.672+0000 INFO  [o.n.k.i.DiagnosticsManager]:  [classpath + loader.0] file:/home/situlingyun/Documents/neo4j-community-2.1.5/system/lib/logback-core-1.1.2.jar
2017-04-07 05:14:53.672+0000 INFO  [o.n.k.i.DiagnosticsManager]:  [classpath + loader.0] file:/home/situlingyun/Documents/neo4j-community-2.1.5/system/lib/commons-beanutils-core-1.8.0.jar
2017-04-07 05:14:53.672+0000 INFO  [o.n.k.i.DiagnosticsManager]:  [classpath + loader.0] file:/home/situlingyun/Documents/neo4j-community-2.1.5/plugins/gremlin-plugin/commons-configuration-1.6.jar
2017-04-07 05:14:53.672+0000 INFO  [o.n.k.i.DiagnosticsManager]:  [classpath + loader.0] file:/home/situlingyun/Documents/neo4j-community-2.1.5/lib/neo4j-cypher-2.1.5.jar
2017-04-07 05:14:53.672+0000 INFO  [o.n.k.i.DiagnosticsManager]:  [classpath + loader.0] file:/home/situlingyun/Documents/neo4j-community-2.1.5/system/lib/jetty-server-9.0.5.v20130815.jar
2017-04-07 05:14:53.672+0000 INFO  [o.n.k.i.DiagnosticsManager]:  [classpath + loader.0] file:/home/situlingyun/Documents/neo4j-community-2.1.5/system/lib/jetty-util-9.0.5.v20130815.jar
2017-04-07 05:14:53.672+0000 INFO  [o.n.k.i.DiagnosticsManager]:  [classpath + loader.0] file:/home/situlingyun/Documents/neo4j-community-2.1.5/system/lib/jetty-webapp-9.0.5.v20130815.jar
2017-04-07 05:14:53.672+0000 INFO  [o.n.k.i.DiagnosticsManager]:  [classpath + loader.0] file:/home/situlingyun/Documents/neo4j-community-2.1.5/plugins/gremlin-plugin/ant-1.8.3.jar
2017-04-07 05:14:53.672+0000 INFO  [o.n.k.i.DiagnosticsManager]:  [classpath + loader.0] file:/home/situlingyun/Documents/neo4j-community-2.1.5/system/lib/jackson-core-asl-1.9.7.jar
2017-04-07 05:14:53.672+0000 INFO  [o.n.k.i.DiagnosticsManager]:  [classpath + loader.0] file:/home/situlingyun/Documents/neo4j-community-2.1.5/plugins/gremlin-plugin/jackson-datatype-json-org-2.2.3.jar
2017-04-07 05:14:53.672+0000 INFO  [o.n.k.i.DiagnosticsManager]:  [classpath + loader.0] file:/home/situlingyun/Documents/neo4j-community-2.1.5/lib/parboiled-core-1.1.6.jar
2017-04-07 05:14:53.672+0000 INFO  [o.n.k.i.DiagnosticsManager]:  [loader.1] file:/opt/jdk1.8.0_121/jre/lib/ext/nashorn.jar
2017-04-07 05:14:53.672+0000 INFO  [o.n.k.i.DiagnosticsManager]:  [classpath + loader.0] file:/home/situlingyun/Documents/neo4j-community-2.1.5/system/lib/neo4j-browser-2.1.5.jar
2017-04-07 05:14:53.672+0000 INFO  [o.n.k.i.DiagnosticsManager]:  [classpath + loader.0] file:/home/situlingyun/Documents/neo4j-community-2.1.5/plugins/gremlin-plugin/commons-beanutils-core-1.8.0.jar
2017-04-07 05:14:53.672+0000 INFO  [o.n.k.i.DiagnosticsManager]:  [classpath + loader.0] file:/home/situlingyun/Documents/neo4j-community-2.1.5/system/lib/logback-classic-1.1.2.jar
2017-04-07 05:14:53.672+0000 INFO  [o.n.k.i.DiagnosticsManager]:  [classpath + loader.0] file:/home/situlingyun/Documents/neo4j-community-2.1.5/system/lib/jackson-mapper-asl-1.9.7.jar
2017-04-07 05:14:53.672+0000 INFO  [o.n.k.i.DiagnosticsManager]:  [classpath + loader.0] file:/home/situlingyun/Documents/neo4j-community-2.1.5/system/lib/neo4j-server-2.1.5.jar
2017-04-07 05:14:53.672+0000 INFO  [o.n.k.i.DiagnosticsManager]:  [classpath + loader.0] file:/home/situlingyun/Documents/neo4j-community-2.1.5/system/lib/rrd4j-2.0.7.jar
2017-04-07 05:14:53.672+0000 INFO  [o.n.k.i.DiagnosticsManager]: Library path:
2017-04-07 05:14:53.672+0000 INFO  [o.n.k.i.DiagnosticsManager]: /usr/java/packages/lib/amd64
2017-04-07 05:14:53.672+0000 INFO  [o.n.k.i.DiagnosticsManager]: /usr/lib64
2017-04-07 05:14:53.672+0000 INFO  [o.n.k.i.DiagnosticsManager]: /lib64
2017-04-07 05:14:53.672+0000 INFO  [o.n.k.i.DiagnosticsManager]: /lib
2017-04-07 05:14:53.672+0000 INFO  [o.n.k.i.DiagnosticsManager]: /usr/lib
2017-04-07 05:14:53.672+0000 INFO  [o.n.k.i.DiagnosticsManager]: System.properties:
2017-04-07 05:14:53.673+0000 INFO  [o.n.k.i.DiagnosticsManager]: sun.boot.library.path = /opt/jdk1.8.0_121/jre/lib/amd64
2017-04-07 05:14:53.673+0000 INFO  [o.n.k.i.DiagnosticsManager]: org.neo4j.server.properties = conf/neo4j-server.properties
2017-04-07 05:14:53.673+0000 INFO  [o.n.k.i.DiagnosticsManager]: path.separator = :
2017-04-07 05:14:53.673+0000 INFO  [o.n.k.i.DiagnosticsManager]: file.encoding.pkg = sun.io
2017-04-07 05:14:53.673+0000 INFO  [o.n.k.i.DiagnosticsManager]: user.country = US
2017-04-07 05:14:53.673+0000 INFO  [o.n.k.i.DiagnosticsManager]: sun.java.launcher = SUN_STANDARD
2017-04-07 05:14:53.673+0000 INFO  [o.n.k.i.DiagnosticsManager]: sun.os.patch.level = unknown
2017-04-07 05:14:53.673+0000 INFO  [o.n.k.i.DiagnosticsManager]: user.dir = /home/situlingyun/Documents/neo4j-community-2.1.5
2017-04-07 05:14:53.673+0000 INFO  [o.n.k.i.DiagnosticsManager]: log4j.configuration = file:conf/log4j.properties
2017-04-07 05:14:53.673+0000 INFO  [o.n.k.i.DiagnosticsManager]: sun.jnu.encoding = UTF-8
2017-04-07 05:14:53.673+0000 INFO  [o.n.k.i.DiagnosticsManager]: sun.management.compiler = HotSpot 64-Bit Tiered Compilers
2017-04-07 05:14:53.673+0000 INFO  [o.n.k.i.DiagnosticsManager]: user.home = /home/situlingyun
2017-04-07 05:14:53.673+0000 INFO  [o.n.k.i.DiagnosticsManager]: user.timezone = Asia/Singapore
2017-04-07 05:14:53.673+0000 INFO  [o.n.k.i.DiagnosticsManager]: file.encoding = UTF-8
2017-04-07 05:14:53.673+0000 INFO  [o.n.k.i.DiagnosticsManager]: user.name = situlingyun
2017-04-07 05:14:53.673+0000 INFO  [o.n.k.i.DiagnosticsManager]: sun.java.command = org.neo4j.server.Bootstrapper
2017-04-07 05:14:53.673+0000 INFO  [o.n.k.i.DiagnosticsManager]: sun.arch.data.model = 64
2017-04-07 05:14:53.673+0000 INFO  [o.n.k.i.DiagnosticsManager]: user.language = en
2017-04-07 05:14:53.673+0000 INFO  [o.n.k.i.DiagnosticsManager]: awt.toolkit = sun.awt.X11.XToolkit
2017-04-07 05:14:53.673+0000 INFO  [o.n.k.i.DiagnosticsManager]: file.separator = /
2017-04-07 05:14:53.673+0000 INFO  [o.n.k.i.DiagnosticsManager]: sun.io.unicode.encoding = UnicodeLittle
2017-04-07 05:14:53.673+0000 INFO  [o.n.k.i.DiagnosticsManager]: sun.cpu.endian = little
2017-04-07 05:14:53.673+0000 INFO  [o.n.k.i.DiagnosticsManager]: neo4j.instance = /home/situlingyun/Documents/neo4j-community-2.1.5
2017-04-07 05:14:53.673+0000 INFO  [o.n.k.i.DiagnosticsManager]: sun.desktop = gnome
2017-04-07 05:14:53.673+0000 INFO  [o.n.k.i.DiagnosticsManager]: neo4j.home = /home/situlingyun/Documents/neo4j-community-2.1.5
2017-04-07 05:14:53.673+0000 INFO  [o.n.k.i.DiagnosticsManager]: sun.cpu.isalist = 
2017-04-07 05:14:53.673+0000 INFO  [o.n.k.i.DiagnosticsManager]: Linux scheduler information:
2017-04-07 05:14:53.674+0000 INFO  [o.n.k.i.DiagnosticsManager]: noop [deadline] cfq 
2017-04-07 05:14:53.674+0000 INFO  [o.n.k.i.DiagnosticsManager]: noop [deadline] cfq 
2017-04-07 05:14:53.674+0000 INFO  [o.n.k.i.DiagnosticsManager]: noop [deadline] cfq 
2017-04-07 05:14:53.674+0000 INFO  [o.n.k.i.DiagnosticsManager]: noop [deadline] cfq 
2017-04-07 05:14:53.674+0000 INFO  [o.n.k.i.DiagnosticsManager]: none
2017-04-07 05:14:53.674+0000 INFO  [o.n.k.i.DiagnosticsManager]: none
2017-04-07 05:14:53.674+0000 INFO  [o.n.k.i.DiagnosticsManager]: none
2017-04-07 05:14:53.674+0000 INFO  [o.n.k.i.DiagnosticsManager]: none
2017-04-07 05:14:53.675+0000 INFO  [o.n.k.i.DiagnosticsManager]: none
2017-04-07 05:14:53.675+0000 INFO  [o.n.k.i.DiagnosticsManager]: none
2017-04-07 05:14:53.675+0000 INFO  [o.n.k.i.DiagnosticsManager]: none
2017-04-07 05:14:53.675+0000 INFO  [o.n.k.i.DiagnosticsManager]: none
2017-04-07 05:14:53.675+0000 INFO  [o.n.k.i.DiagnosticsManager]: Network information:
2017-04-07 05:14:53.676+0000 INFO  [o.n.k.i.DiagnosticsManager]: Interface vmnet8:
2017-04-07 05:14:53.676+0000 INFO  [o.n.k.i.DiagnosticsManager]:     address: fe80:0:0:0:250:56ff:fec0:8%vmnet8
2017-04-07 05:14:53.676+0000 INFO  [o.n.k.i.DiagnosticsManager]:     address: 192.168.131.1
2017-04-07 05:14:53.676+0000 INFO  [o.n.k.i.DiagnosticsManager]: Interface vmnet1:
2017-04-07 05:14:53.676+0000 INFO  [o.n.k.i.DiagnosticsManager]:     address: fe80:0:0:0:250:56ff:fec0:1%vmnet1
2017-04-07 05:14:53.676+0000 INFO  [o.n.k.i.DiagnosticsManager]:     address: 172.16.111.1
2017-04-07 05:14:53.676+0000 INFO  [o.n.k.i.DiagnosticsManager]: Interface eno1:
2017-04-07 05:14:53.676+0000 INFO  [o.n.k.i.DiagnosticsManager]:     address: fe80:0:0:0:fd6d:21a3:5bc3:2e8b%eno1
2017-04-07 05:14:53.676+0000 INFO  [o.n.k.i.DiagnosticsManager]:     address: 155.69.149.73
2017-04-07 05:14:53.676+0000 INFO  [o.n.k.i.DiagnosticsManager]: Interface lo:
2017-04-07 05:14:53.676+0000 INFO  [o.n.k.i.DiagnosticsManager]:     address: 0:0:0:0:0:0:0:1%lo
2017-04-07 05:14:53.676+0000 INFO  [o.n.k.i.DiagnosticsManager]:     address: 127.0.0.1
2017-04-07 05:14:53.676+0000 INFO  [o.n.k.i.DiagnosticsManager]: --- INITIALIZED diagnostics END ---
2017-04-07 05:14:53.753+0000 INFO  [o.n.k.i.n.s.StoreFactory]: [/home/situlingyun/Documents/joern-0.3.1/.joernIndex/neostore.relationshiptypestore.db.names] brickCount=0 brickSize=0b mappedMem=0b (storeSize=532b)
2017-04-07 05:14:53.754+0000 INFO  [o.n.k.i.n.s.StoreFactory]: [/home/situlingyun/Documents/joern-0.3.1/.joernIndex/neostore.relationshiptypestore.db] brickCount=0 brickSize=0b mappedMem=0b (storeSize=65b)
2017-04-07 05:14:53.754+0000 INFO  [o.n.k.i.n.s.StoreFactory]: [/home/situlingyun/Documents/joern-0.3.1/.joernIndex/neostore.labeltokenstore.db.names] brickCount=0 brickSize=0b mappedMem=0b (storeSize=38b)
2017-04-07 05:14:53.754+0000 INFO  [o.n.k.i.n.s.StoreFactory]: [/home/situlingyun/Documents/joern-0.3.1/.joernIndex/neostore.labeltokenstore.db] brickCount=0 brickSize=0b mappedMem=0b (storeSize=0b)
2017-04-07 05:14:53.755+0000 INFO  [o.n.k.i.n.s.StoreFactory]: [/home/situlingyun/Documents/joern-0.3.1/.joernIndex/neostore.propertystore.db.strings] brickCount=5 brickSize=1115648b mappedMem=1115684864b (storeSize=6428032b)
2017-04-07 05:14:53.755+0000 INFO  [o.n.k.i.n.s.StoreFactory]: [/home/situlingyun/Documents/joern-0.3.1/.joernIndex/neostore.propertystore.db.index.keys] brickCount=0 brickSize=0b mappedMem=0b (storeSize=570b)
2017-04-07 05:14:53.755+0000 INFO  [o.n.k.i.n.s.StoreFactory]: [/home/situlingyun/Documents/joern-0.3.1/.joernIndex/neostore.propertystore.db.index] brickCount=0 brickSize=0b mappedMem=0b (storeSize=126b)
2017-04-07 05:14:53.756+0000 INFO  [o.n.k.i.n.s.StoreFactory]: [/home/situlingyun/Documents/joern-0.3.1/.joernIndex/neostore.propertystore.db.arrays] brickCount=0 brickSize=1264512b mappedMem=1264582656b (storeSize=128b)
2017-04-07 05:14:53.763+0000 INFO  [o.n.k.i.n.s.StoreFactory]: [/home/situlingyun/Documents/joern-0.3.1/.joernIndex/neostore.propertystore.db] brickCount=27 brickSize=1312779b mappedMem=1312817152b (storeSize=36561504b)
2017-04-07 05:14:53.764+0000 INFO  [o.n.k.i.n.s.StoreFactory]: [/home/situlingyun/Documents/joern-0.3.1/.joernIndex/neostore.relationshipstore.db] brickCount=15 brickSize=1608506b mappedMem=1608515584b (storeSize=25149018b)
2017-04-07 05:14:53.765+0000 INFO  [o.n.k.i.n.s.StoreFactory]: [/home/situlingyun/Documents/joern-0.3.1/.joernIndex/neostore.nodestore.db.labels] brickCount=0 brickSize=0b mappedMem=0b (storeSize=68b)
2017-04-07 05:14:53.766+0000 INFO  [o.n.k.i.n.s.StoreFactory]: [/home/situlingyun/Documents/joern-0.3.1/.joernIndex/neostore.nodestore.db] brickCount=14 brickSize=363855b mappedMem=363855872b (storeSize=5331420b)
2017-04-07 05:14:53.766+0000 INFO  [o.n.k.i.n.s.StoreFactory]: [/home/situlingyun/Documents/joern-0.3.1/.joernIndex/neostore.schemastore.db] brickCount=0 brickSize=0b mappedMem=0b (storeSize=64b)
2017-04-07 05:14:53.767+0000 INFO  [o.n.k.i.n.s.StoreFactory]: [/home/situlingyun/Documents/joern-0.3.1/.joernIndex/neostore.relationshipgroupstore.db] brickCount=0 brickSize=0b mappedMem=0b (storeSize=61375b)
2017-04-07 05:14:53.768+0000 INFO  [o.n.k.i.n.s.StoreFactory]: [/home/situlingyun/Documents/joern-0.3.1/.joernIndex/neostore] brickCount=0 brickSize=0b mappedMem=0b (storeSize=81b)
2017-04-07 05:14:53.856+0000 INFO  [o.n.k.i.t.x.XaLogicalLog]: Opened logical log [/home/situlingyun/Documents/joern-0.3.1/.joernIndex/nioneo_logical.log.1] version=0, lastTxId=1 (clean)
2017-04-07 05:14:53.870+0000 INFO  [o.n.k.i.t.TxManager]: TM new log: tm_tx_log.1
2017-04-07 05:14:53.936+0000 INFO  [o.n.k.i.t.KernelHealth]: Kernel health set to OK
2017-04-07 05:14:54.089+0000 INFO  [o.n.k.i.t.x.XaLogicalLog]: Opened logical log [/home/situlingyun/Documents/joern-0.3.1/.joernIndex/index/lucene.log.1] version=0, lastTxId=1 (clean)
2017-04-07 05:14:54.108+0000 INFO  [o.n.k.i.DiagnosticsManager]: --- STARTED diagnostics for KernelDiagnostics:Versions START ---
2017-04-07 05:14:54.108+0000 INFO  [o.n.k.i.DiagnosticsManager]: Graph Database: org.neo4j.kernel.EmbeddedGraphDatabase StoreId{creationTime=1491542046628, randomId=-4651062899214688487, storeVersion=14406081294923270, upgradeTime=1491542046628, upgradeId=-4651062899214688487}
2017-04-07 05:14:54.108+0000 INFO  [o.n.k.i.DiagnosticsManager]: Kernel version: Neo4j - Graph Database Kernel (neo4j-kernel), version: 2.1.5
2017-04-07 05:14:54.108+0000 INFO  [o.n.k.i.DiagnosticsManager]: Neo4j component versions:
2017-04-07 05:14:54.115+0000 INFO  [o.n.k.i.DiagnosticsManager]:   Neo4j - Cypher Compiler 1.9 (neo4j-cypher-compiler-1.9), version: 2.0.3; revision: 2.0.3:2.0-maint:72/307c563c11b75fdc71cfa6df05daf9b08d6c37dc
2017-04-07 05:14:54.115+0000 INFO  [o.n.k.i.DiagnosticsManager]:   Neo4j - Cypher Commons (neo4j-cypher-commons), version: 2.1.5; revision: 2.1.5:2.1-maint:529/45c3cc04946c2b0e243e48c8252e40cb85931744
2017-04-07 05:14:54.115+0000 INFO  [o.n.k.i.DiagnosticsManager]:   Neo4j Server API (server-api), version: 2.1.5; revision: 2.1.5:2.1-maint:529/45c3cc04946c2b0e243e48c8252e40cb85931744
2017-04-07 05:14:54.115+0000 INFO  [o.n.k.i.DiagnosticsManager]:   Neo4j - Graph Database Kernel (neo4j-kernel), version: 2.1.5; revision: 2.1.5:2.1-maint:529/45c3cc04946c2b0e243e48c8252e40cb85931744
2017-04-07 05:14:54.115+0000 INFO  [o.n.k.i.DiagnosticsManager]:   Neo4j - Generic shell (neo4j-shell), version: 2.1.5; revision: 2.1.5:2.1-maint:529/45c3cc04946c2b0e243e48c8252e40cb85931744
2017-04-07 05:14:54.115+0000 INFO  [o.n.k.i.DiagnosticsManager]:   neo4j-udc, version: 2.1.5; revision: 2.1.5:2.1-maint:529/45c3cc04946c2b0e243e48c8252e40cb85931744
2017-04-07 05:14:54.115+0000 INFO  [o.n.k.i.DiagnosticsManager]:   Neo4j - Lucene Index (neo4j-lucene-index), version: 2.1.5; revision: 2.1.5:2.1-maint:529/45c3cc04946c2b0e243e48c8252e40cb85931744
2017-04-07 05:14:54.115+0000 INFO  [o.n.k.i.DiagnosticsManager]:   Neo4j Server (neo4j-server), version: 2.1.5; revision: 2.1.5:2.1-maint:529/45c3cc04946c2b0e243e48c8252e40cb85931744
2017-04-07 05:14:54.116+0000 INFO  [o.n.k.i.DiagnosticsManager]:   Neo4j - Cypher Compiler 2.0 (neo4j-cypher-compiler-2.0), version: 2.0.3; revision: 2.0.3:2.0-maint:72/307c563c11b75fdc71cfa6df05daf9b08d6c37dc
2017-04-07 05:14:54.116+0000 INFO  [o.n.k.i.DiagnosticsManager]:   Neo4j - Graph Matching (neo4j-graph-matching), version: 2.1.5; revision: 2.1.5:2.1-maint:529/45c3cc04946c2b0e243e48c8252e40cb85931744
2017-04-07 05:14:54.116+0000 INFO  [o.n.k.i.DiagnosticsManager]:   Neo4j - JMX support (neo4j-jmx), version: 2.1.5; revision: 2.1.5:2.1-maint:529/45c3cc04946c2b0e243e48c8252e40cb85931744
2017-04-07 05:14:54.116+0000 INFO  [o.n.k.i.DiagnosticsManager]:   Neo4j - Cypher (neo4j-cypher), version: 2.1.5; revision: 2.1.5:2.1-maint:529/45c3cc04946c2b0e243e48c8252e40cb85931744
2017-04-07 05:14:54.116+0000 INFO  [o.n.k.i.DiagnosticsManager]:   Neo4j - Graph Algorithms (neo4j-graph-algo), version: 2.1.5; revision: 2.1.5:2.1-maint:529/45c3cc04946c2b0e243e48c8252e40cb85931744
2017-04-07 05:14:54.116+0000 INFO  [o.n.k.i.DiagnosticsManager]: --- STARTED diagnostics for KernelDiagnostics:Versions END ---
2017-04-07 05:14:54.118+0000 INFO  [o.n.k.i.DiagnosticsManager]: --- STARTED diagnostics for NEO_STORE_VERSIONS START ---
2017-04-07 05:14:54.119+0000 INFO  [o.n.k.i.DiagnosticsManager]: Store versions:
2017-04-07 05:14:54.119+0000 INFO  [o.n.k.i.DiagnosticsManager]: Store versions:
2017-04-07 05:14:54.119+0000 INFO  [o.n.k.i.DiagnosticsManager]:   NeoStore v0.A.3
2017-04-07 05:14:54.119+0000 INFO  [o.n.k.i.DiagnosticsManager]:   SchemaStore v0.A.3
2017-04-07 05:14:54.119+0000 INFO  [o.n.k.i.DiagnosticsManager]:   NodeStore v0.A.3
2017-04-07 05:14:54.119+0000 INFO  [o.n.k.i.DiagnosticsManager]:   RelationshipStore v0.A.3
2017-04-07 05:14:54.119+0000 INFO  [o.n.k.i.DiagnosticsManager]:   RelationshipTypeStore v0.A.3
2017-04-07 05:14:54.119+0000 INFO  [o.n.k.i.DiagnosticsManager]:   LabelTokenStore v0.A.3
2017-04-07 05:14:54.119+0000 INFO  [o.n.k.i.DiagnosticsManager]:   PropertyStore v0.A.3
2017-04-07 05:14:54.119+0000 INFO  [o.n.k.i.DiagnosticsManager]:   PropertyIndexStore v0.A.3
2017-04-07 05:14:54.119+0000 INFO  [o.n.k.i.DiagnosticsManager]:   StringPropertyStore v0.A.3
2017-04-07 05:14:54.119+0000 INFO  [o.n.k.i.DiagnosticsManager]:   ArrayPropertyStore v0.A.3
2017-04-07 05:14:54.119+0000 INFO  [o.n.k.i.DiagnosticsManager]:   RelationshipGroupStore v0.A.3
2017-04-07 05:14:54.120+0000 INFO  [o.n.k.i.DiagnosticsManager]: --- STARTED diagnostics for NEO_STORE_VERSIONS END ---
2017-04-07 05:14:54.120+0000 INFO  [o.n.k.i.DiagnosticsManager]: --- STARTED diagnostics for NEO_STORE_ID_USAGE START ---
2017-04-07 05:14:54.120+0000 INFO  [o.n.k.i.DiagnosticsManager]: Id usage:
2017-04-07 05:14:54.120+0000 INFO  [o.n.k.i.DiagnosticsManager]: Id usage:
2017-04-07 05:14:54.120+0000 INFO  [o.n.k.i.DiagnosticsManager]:   SchemaStore: used=1 high=0
2017-04-07 05:14:54.120+0000 INFO  [o.n.k.i.DiagnosticsManager]:   NodeStore: used=355428 high=355427
2017-04-07 05:14:54.120+0000 INFO  [o.n.k.i.DiagnosticsManager]:   RelationshipStore: used=739677 high=739676
2017-04-07 05:14:54.121+0000 INFO  [o.n.k.i.DiagnosticsManager]:   RelationshipTypeStore: used=13 high=12
2017-04-07 05:14:54.121+0000 INFO  [o.n.k.i.DiagnosticsManager]:   LabelTokenStore: used=0 high=-1
2017-04-07 05:14:54.121+0000 INFO  [o.n.k.i.DiagnosticsManager]:   PropertyStore: used=891744 high=891743
2017-04-07 05:14:54.121+0000 INFO  [o.n.k.i.DiagnosticsManager]:   PropertyIndexStore: used=14 high=13
2017-04-07 05:14:54.121+0000 INFO  [o.n.k.i.DiagnosticsManager]:   StringPropertyStore: used=50219 high=50218
2017-04-07 05:14:54.122+0000 INFO  [o.n.k.i.DiagnosticsManager]:   ArrayPropertyStore: used=1 high=0
2017-04-07 05:14:54.122+0000 INFO  [o.n.k.i.DiagnosticsManager]:   RelationshipGroupStore: used=2455 high=2454
2017-04-07 05:14:54.122+0000 INFO  [o.n.k.i.DiagnosticsManager]: --- STARTED diagnostics for NEO_STORE_ID_USAGE END ---
2017-04-07 05:14:54.122+0000 INFO  [o.n.k.i.DiagnosticsManager]: --- STARTED diagnostics for PERSISTENCE_WINDOW_POOL_STATS START ---
2017-04-07 05:14:54.122+0000 INFO  [o.n.k.i.DiagnosticsManager]: --- STARTED diagnostics for PERSISTENCE_WINDOW_POOL_STATS END ---
2017-04-07 05:14:54.123+0000 INFO  [o.n.k.i.DiagnosticsManager]: --- STARTED diagnostics for KernelDiagnostics:StoreFiles START ---
2017-04-07 05:14:54.123+0000 INFO  [o.n.k.i.DiagnosticsManager]: Disk space on partition (Total / Free / Free %): 624644456448 / 536415301632 / 85
Storage files: (filename : modification date - size)
2017-04-07 05:14:54.124+0000 INFO  [o.n.k.i.DiagnosticsManager]:   active_tx_log: 2017-04-07T13:14:53+0800 - 11.00 B
2017-04-07 05:14:54.125+0000 INFO  [o.n.k.i.DiagnosticsManager]:   index:
2017-04-07 05:14:54.125+0000 INFO  [o.n.k.i.DiagnosticsManager]:     lucene:
2017-04-07 05:14:54.125+0000 INFO  [o.n.k.i.DiagnosticsManager]:       node:
2017-04-07 05:14:54.125+0000 INFO  [o.n.k.i.DiagnosticsManager]:         nodeIndex:
2017-04-07 05:14:54.126+0000 INFO  [o.n.k.i.DiagnosticsManager]:           _0.fdt: 2017-04-07T13:14:27+0800 - 20.14 MB
2017-04-07 05:14:54.126+0000 INFO  [o.n.k.i.DiagnosticsManager]:           _0.fdx: 2017-04-07T13:14:27+0800 - 2.71 MB
2017-04-07 05:14:54.126+0000 INFO  [o.n.k.i.DiagnosticsManager]:           _0.fnm: 2017-04-07T13:14:28+0800 - 129.00 B
2017-04-07 05:14:54.127+0000 INFO  [o.n.k.i.DiagnosticsManager]:           _0.frq: 2017-04-07T13:14:28+0800 - 3.15 MB
2017-04-07 05:14:54.127+0000 INFO  [o.n.k.i.DiagnosticsManager]:           _0.nrm: 2017-04-07T13:14:28+0800 - 347.10 kB
2017-04-07 05:14:54.127+0000 INFO  [o.n.k.i.DiagnosticsManager]:           _0.prx: 2017-04-07T13:14:28+0800 - 1.78 MB
2017-04-07 05:14:54.128+0000 INFO  [o.n.k.i.DiagnosticsManager]:           _0.tii: 2017-04-07T13:14:28+0800 - 62.54 kB
2017-04-07 05:14:54.128+0000 INFO  [o.n.k.i.DiagnosticsManager]:           _0.tis: 2017-04-07T13:14:28+0800 - 4.49 MB
2017-04-07 05:14:54.128+0000 INFO  [o.n.k.i.DiagnosticsManager]:           segments.gen: 2017-04-07T13:14:28+0800 - 20.00 B
2017-04-07 05:14:54.129+0000 INFO  [o.n.k.i.DiagnosticsManager]:           segments_1: 2017-04-07T13:14:28+0800 - 221.00 B
2017-04-07 05:14:54.129+0000 INFO  [o.n.k.i.DiagnosticsManager]:         - Total: 2017-04-07T13:14:28+0800 - 32.68 MB
2017-04-07 05:14:54.129+0000 INFO  [o.n.k.i.DiagnosticsManager]:       - Total: 2017-04-07T13:14:09+0800 - 32.68 MB
2017-04-07 05:14:54.129+0000 INFO  [o.n.k.i.DiagnosticsManager]:     - Total: 2017-04-07T13:14:09+0800 - 32.68 MB
2017-04-07 05:14:54.130+0000 INFO  [o.n.k.i.DiagnosticsManager]:     lucene-store.db: 2017-04-07T13:14:54+0800 - 40.00 B
2017-04-07 05:14:54.130+0000 INFO  [o.n.k.i.DiagnosticsManager]:     lucene.log.1: 2017-04-07T13:14:54+0800 - 16.00 B
2017-04-07 05:14:54.130+0000 INFO  [o.n.k.i.DiagnosticsManager]:     lucene.log.active: 2017-04-07T13:14:54+0800 - 4.00 B
2017-04-07 05:14:54.131+0000 INFO  [o.n.k.i.DiagnosticsManager]:   - Total: 2017-04-07T13:14:54+0800 - 32.68 MB
2017-04-07 05:14:54.131+0000 INFO  [o.n.k.i.DiagnosticsManager]:   index.db: 2017-04-07T13:14:09+0800 - 111.00 B
2017-04-07 05:14:54.131+0000 INFO  [o.n.k.i.DiagnosticsManager]:   lock: 2017-04-07T13:14:53+0800 - 0.00 B
2017-04-07 05:14:54.132+0000 INFO  [o.n.k.i.DiagnosticsManager]:   messages.log: 2017-04-07T13:14:54+0800 - 53.73 kB
2017-04-07 05:14:54.132+0000 INFO  [o.n.k.i.DiagnosticsManager]:   neostore: 2017-04-07T13:14:53+0800 - 81.00 B
2017-04-07 05:14:54.132+0000 INFO  [o.n.k.i.DiagnosticsManager]:   neostore.id: 2017-04-07T13:14:53+0800 - 9.00 B
2017-04-07 05:14:54.133+0000 INFO  [o.n.k.i.DiagnosticsManager]:   neostore.labeltokenstore.db: 2017-04-07T13:14:53+0800 - 0.00 B
2017-04-07 05:14:54.133+0000 INFO  [o.n.k.i.DiagnosticsManager]:   neostore.labeltokenstore.db.id: 2017-04-07T13:14:53+0800 - 9.00 B
2017-04-07 05:14:54.133+0000 INFO  [o.n.k.i.DiagnosticsManager]:   neostore.labeltokenstore.db.names: 2017-04-07T13:14:53+0800 - 38.00 B
2017-04-07 05:14:54.133+0000 INFO  [o.n.k.i.DiagnosticsManager]:   neostore.labeltokenstore.db.names.id: 2017-04-07T13:14:53+0800 - 9.00 B
2017-04-07 05:14:54.134+0000 INFO  [o.n.k.i.DiagnosticsManager]:   neostore.nodestore.db: 2017-04-07T13:14:53+0800 - 5.08 MB
2017-04-07 05:14:54.134+0000 INFO  [o.n.k.i.DiagnosticsManager]:   neostore.nodestore.db.id: 2017-04-07T13:14:53+0800 - 9.00 B
2017-04-07 05:14:54.134+0000 INFO  [o.n.k.i.DiagnosticsManager]:   neostore.nodestore.db.labels: 2017-04-07T13:14:53+0800 - 68.00 B
2017-04-07 05:14:54.135+0000 INFO  [o.n.k.i.DiagnosticsManager]:   neostore.nodestore.db.labels.id: 2017-04-07T13:14:53+0800 - 9.00 B
2017-04-07 05:14:54.135+0000 INFO  [o.n.k.i.DiagnosticsManager]:   neostore.propertystore.db: 2017-04-07T13:14:53+0800 - 34.87 MB
2017-04-07 05:14:54.135+0000 INFO  [o.n.k.i.DiagnosticsManager]:   neostore.propertystore.db.arrays: 2017-04-07T13:14:53+0800 - 128.00 B
2017-04-07 05:14:54.136+0000 INFO  [o.n.k.i.DiagnosticsManager]:   neostore.propertystore.db.arrays.id: 2017-04-07T13:14:53+0800 - 9.00 B
2017-04-07 05:14:54.136+0000 INFO  [o.n.k.i.DiagnosticsManager]:   neostore.propertystore.db.id: 2017-04-07T13:14:53+0800 - 9.00 B
2017-04-07 05:14:54.136+0000 INFO  [o.n.k.i.DiagnosticsManager]:   neostore.propertystore.db.index: 2017-04-07T13:14:53+0800 - 126.00 B
2017-04-07 05:14:54.136+0000 INFO  [o.n.k.i.DiagnosticsManager]:   neostore.propertystore.db.index.id: 2017-04-07T13:14:53+0800 - 9.00 B
2017-04-07 05:14:54.137+0000 INFO  [o.n.k.i.DiagnosticsManager]:   neostore.propertystore.db.index.keys: 2017-04-07T13:14:53+0800 - 570.00 B
2017-04-07 05:14:54.137+0000 INFO  [o.n.k.i.DiagnosticsManager]:   neostore.propertystore.db.index.keys.id: 2017-04-07T13:14:53+0800 - 9.00 B
2017-04-07 05:14:54.137+0000 INFO  [o.n.k.i.DiagnosticsManager]:   neostore.propertystore.db.strings: 2017-04-07T13:14:53+0800 - 6.13 MB
2017-04-07 05:14:54.138+0000 INFO  [o.n.k.i.DiagnosticsManager]:   neostore.propertystore.db.strings.id: 2017-04-07T13:14:53+0800 - 9.00 B
2017-04-07 05:14:54.138+0000 INFO  [o.n.k.i.DiagnosticsManager]:   neostore.relationshipgroupstore.db: 2017-04-07T13:14:53+0800 - 59.94 kB
2017-04-07 05:14:54.138+0000 INFO  [o.n.k.i.DiagnosticsManager]:   neostore.relationshipgroupstore.db.id: 2017-04-07T13:14:53+0800 - 9.00 B
2017-04-07 05:14:54.139+0000 INFO  [o.n.k.i.DiagnosticsManager]:   neostore.relationshipstore.db: 2017-04-07T13:14:53+0800 - 23.98 MB
2017-04-07 05:14:54.139+0000 INFO  [o.n.k.i.DiagnosticsManager]:   neostore.relationshipstore.db.id: 2017-04-07T13:14:53+0800 - 9.00 B
2017-04-07 05:14:54.139+0000 INFO  [o.n.k.i.DiagnosticsManager]:   neostore.relationshiptypestore.db: 2017-04-07T13:14:53+0800 - 65.00 B
2017-04-07 05:14:54.139+0000 INFO  [o.n.k.i.DiagnosticsManager]:   neostore.relationshiptypestore.db.id: 2017-04-07T13:14:53+0800 - 9.00 B
2017-04-07 05:14:54.140+0000 INFO  [o.n.k.i.DiagnosticsManager]:   neostore.relationshiptypestore.db.names: 2017-04-07T13:14:53+0800 - 532.00 B
2017-04-07 05:14:54.140+0000 INFO  [o.n.k.i.DiagnosticsManager]:   neostore.relationshiptypestore.db.names.id: 2017-04-07T13:14:53+0800 - 9.00 B
2017-04-07 05:14:54.140+0000 INFO  [o.n.k.i.DiagnosticsManager]:   neostore.schemastore.db: 2017-04-07T13:14:53+0800 - 64.00 B
2017-04-07 05:14:54.141+0000 INFO  [o.n.k.i.DiagnosticsManager]:   neostore.schemastore.db.id: 2017-04-07T13:14:53+0800 - 9.00 B
2017-04-07 05:14:54.141+0000 INFO  [o.n.k.i.DiagnosticsManager]:   nioneo_logical.log.1: 2017-04-07T13:14:53+0800 - 16.00 B
2017-04-07 05:14:54.141+0000 INFO  [o.n.k.i.DiagnosticsManager]:   nioneo_logical.log.active: 2017-04-07T13:14:53+0800 - 4.00 B
2017-04-07 05:14:54.141+0000 INFO  [o.n.k.i.DiagnosticsManager]:   schema:
2017-04-07 05:14:54.141+0000 INFO  [o.n.k.i.DiagnosticsManager]:     label:
2017-04-07 05:14:54.141+0000 INFO  [o.n.k.i.DiagnosticsManager]:       lucene:
2017-04-07 05:14:54.142+0000 INFO  [o.n.k.i.DiagnosticsManager]:         segments.gen: 2017-04-07T13:14:32+0800 - 20.00 B
2017-04-07 05:14:54.142+0000 INFO  [o.n.k.i.DiagnosticsManager]:         segments_1: 2017-04-07T13:14:32+0800 - 32.00 B
2017-04-07 05:14:54.142+0000 INFO  [o.n.k.i.DiagnosticsManager]:         write.lock: 2017-04-07T13:14:53+0800 - 0.00 B
2017-04-07 05:14:54.143+0000 INFO  [o.n.k.i.DiagnosticsManager]:       - Total: 2017-04-07T13:14:53+0800 - 52.00 B
2017-04-07 05:14:54.143+0000 INFO  [o.n.k.i.DiagnosticsManager]:     - Total: 2017-04-07T13:14:09+0800 - 52.00 B
2017-04-07 05:14:54.143+0000 INFO  [o.n.k.i.DiagnosticsManager]:   - Total: 2017-04-07T13:14:09+0800 - 52.00 B
2017-04-07 05:14:54.143+0000 INFO  [o.n.k.i.DiagnosticsManager]:   store_lock: 2017-04-07T13:14:06+0800 - 0.00 B
2017-04-07 05:14:54.144+0000 INFO  [o.n.k.i.DiagnosticsManager]:   tm_tx_log.1: 2017-04-07T13:14:53+0800 - 0.00 B
2017-04-07 05:14:54.144+0000 INFO  [o.n.k.i.DiagnosticsManager]: --- STARTED diagnostics for KernelDiagnostics:StoreFiles END ---
2017-04-07 05:14:54.194+0000 INFO  [o.n.k.EmbeddedGraphDatabase]: Database is now ready
2017-04-07 05:14:54.567+0000 INFO  [o.n.s.d.LifecycleManagingDatabase]: Successfully started database
2017-04-07 05:14:54.568+0000 INFO  [o.n.k.i.DiagnosticsManager]: --- SERVER STARTED START ---
2017-04-07 05:14:54.647+0000 INFO  [o.n.s.CommunityNeoServer]: Starting HTTP on port :7474 with 120 threads available
2017-04-07 05:14:54.790+0000 INFO  [o.n.s.CommunityNeoServer]: Enabling HTTPS on port :7473
2017-04-07 05:14:54.841+0000 INFO  [o.n.k.i.DiagnosticsManager]: --- STARTED diagnostics for org.neo4j.server.configuration.Configurator START ---
2017-04-07 05:14:54.842+0000 INFO  [o.n.k.i.DiagnosticsManager]: Server configuration:
2017-04-07 05:14:54.842+0000 INFO  [o.n.k.i.DiagnosticsManager]: org.neo4j.server.database.location = /home/situlingyun/Documents/joern-0.3.1/.joernIndex/
2017-04-07 05:14:54.842+0000 INFO  [o.n.k.i.DiagnosticsManager]: org.neo4j.server.webserver.port = 7474
2017-04-07 05:14:54.843+0000 INFO  [o.n.k.i.DiagnosticsManager]: org.neo4j.server.webserver.https.enabled = true
2017-04-07 05:14:54.843+0000 INFO  [o.n.k.i.DiagnosticsManager]: org.neo4j.server.webserver.https.port = 7473
2017-04-07 05:14:54.843+0000 INFO  [o.n.k.i.DiagnosticsManager]: org.neo4j.server.webserver.https.cert.location = conf/ssl/snakeoil.cert
2017-04-07 05:14:54.843+0000 INFO  [o.n.k.i.DiagnosticsManager]: org.neo4j.server.webserver.https.key.location = conf/ssl/snakeoil.key
2017-04-07 05:14:54.843+0000 INFO  [o.n.k.i.DiagnosticsManager]: org.neo4j.server.webserver.https.keystore.location = data/keystore
2017-04-07 05:14:54.843+0000 INFO  [o.n.k.i.DiagnosticsManager]: org.neo4j.server.webadmin.rrdb.location = data/rrd
2017-04-07 05:14:54.843+0000 INFO  [o.n.k.i.DiagnosticsManager]: org.neo4j.server.db.tuning.properties = conf/neo4j.properties
2017-04-07 05:14:54.843+0000 INFO  [o.n.k.i.DiagnosticsManager]: org.neo4j.server.manage.console_engines = shell
2017-04-07 05:14:54.843+0000 INFO  [o.n.k.i.DiagnosticsManager]: org.neo4j.server.http.log.enabled = false
2017-04-07 05:14:54.843+0000 INFO  [o.n.k.i.DiagnosticsManager]: org.neo4j.server.http.log.config = conf/neo4j-http-logging.xml
2017-04-07 05:14:54.843+0000 INFO  [o.n.k.i.DiagnosticsManager]: org.neo4j.server.webadmin.management.uri = /db/manage/
2017-04-07 05:14:54.843+0000 INFO  [o.n.k.i.DiagnosticsManager]: org.neo4j.server.webadmin.data.uri = /db/data/
2017-04-07 05:14:54.843+0000 INFO  [o.n.k.i.DiagnosticsManager]: --- STARTED diagnostics for org.neo4j.server.configuration.Configurator END ---
2017-04-07 05:14:54.845+0000 INFO  [o.n.s.m.DiscoveryModule]: Mounted discovery module at [/]
2017-04-07 05:14:54.862+0000 INFO  [o.n.s.p.PluginManager]: Loaded server plugin "GremlinPlugin"
2017-04-07 05:14:54.863+0000 INFO  [o.n.s.p.PluginManager]:   GraphDatabaseService.execute_script: execute a Gremlin script with 'g' set to the Neo4j2Graph and 'results' containing the results. Only results of one object type is supported.
2017-04-07 05:14:54.863+0000 INFO  [o.n.s.m.RESTApiModule]: Mounted REST API at [/db/data/]
2017-04-07 05:14:54.864+0000 INFO  [o.n.s.m.ManagementApiModule]: Mounted management API at [/db/manage/]
2017-04-07 05:14:54.864+0000 INFO  [o.n.s.m.WebAdminModule]: Mounted webadmin at [/webadmin]
2017-04-07 05:14:54.865+0000 INFO  [o.n.s.m.Neo4jBrowserModule]: Mounted Neo4j Browser at [/browser]
2017-04-07 05:14:54.934+0000 INFO  [o.n.s.w.Jetty9WebServer]: Mounting static content at [/webadmin] from [webadmin-html]
2017-04-07 05:14:54.963+0000 INFO  [o.n.s.w.Jetty9WebServer]: Mounting static content at [/browser] from [browser]
2017-04-07 05:14:55.440+0000 INFO  [o.n.s.CommunityNeoServer]: Server started on: http://localhost:7474/
2017-04-07 05:14:55.440+0000 INFO  [o.n.s.CommunityNeoServer]: Remote interface ready and available at [http://localhost:7474/]
2017-04-07 05:14:55.440+0000 INFO  [o.n.k.i.DiagnosticsManager]: --- SERVER STARTED END ---
2017-04-07 05:58:38.259+0000 WARN  [o.n.k.EmbeddedGraphDatabase]: GC Monitor: Application threads blocked for 5934ms.
2017-04-07 06:04:47.709+0000 INFO  [o.n.s.CommunityBootstrapper]: Neo4j Server shutdown initiated by request
2017-04-07 06:04:48.360+0000 INFO  [o.n.s.CommunityNeoServer]: Successfully shutdown Neo4j Server.
2017-04-07 06:04:48.360+0000 INFO  [o.n.k.EmbeddedGraphDatabase]: Shutdown started
2017-04-07 06:04:48.360+0000 INFO  [o.n.k.EmbeddedGraphDatabase]: Database is now unavailable
2017-04-07 06:04:48.600+0000 INFO  [o.n.k.i.t.x.XaLogicalLog]: Closed log /home/situlingyun/Documents/joern-0.3.1/.joernIndex/index/lucene.log
2017-04-07 06:04:49.188+0000 INFO  [o.n.k.i.t.TxManager]: TM shutting down
2017-04-07 06:04:49.674+0000 INFO  [o.n.k.i.t.x.XaLogicalLog]: Closed log /home/situlingyun/Documents/joern-0.3.1/.joernIndex/nioneo_logical.log
2017-04-07 06:04:49.697+0000 INFO  [o.n.k.i.n.s.StoreFactory]: /home/situlingyun/Documents/joern-0.3.1/.joernIndex/neostore.relationshiptypestore.db.names hit=0 miss=26 switches=0 ooe=0
2017-04-07 06:04:49.747+0000 INFO  [o.n.k.i.n.s.StoreFactory]: /home/situlingyun/Documents/joern-0.3.1/.joernIndex/neostore.relationshiptypestore.db hit=0 miss=13 switches=0 ooe=0
2017-04-07 06:04:49.806+0000 INFO  [o.n.k.i.n.s.StoreFactory]: /home/situlingyun/Documents/joern-0.3.1/.joernIndex/neostore.labeltokenstore.db.names hit=0 miss=0 switches=0 ooe=0
2017-04-07 06:04:49.865+0000 INFO  [o.n.k.i.n.s.StoreFactory]: /home/situlingyun/Documents/joern-0.3.1/.joernIndex/neostore.labeltokenstore.db hit=0 miss=0 switches=0 ooe=0
2017-04-07 06:04:49.924+0000 INFO  [o.n.k.i.n.s.StoreFactory]: /home/situlingyun/Documents/joern-0.3.1/.joernIndex/neostore.propertystore.db.strings hit=1878 miss=13568 switches=0 ooe=0
2017-04-07 06:04:49.982+0000 INFO  [o.n.k.i.n.s.StoreFactory]: /home/situlingyun/Documents/joern-0.3.1/.joernIndex/neostore.propertystore.db.index.keys hit=0 miss=28 switches=0 ooe=0
2017-04-07 06:04:50.041+0000 INFO  [o.n.k.i.n.s.StoreFactory]: /home/situlingyun/Documents/joern-0.3.1/.joernIndex/neostore.propertystore.db.index hit=0 miss=14 switches=0 ooe=0
2017-04-07 06:04:50.100+0000 INFO  [o.n.k.i.n.s.StoreFactory]: /home/situlingyun/Documents/joern-0.3.1/.joernIndex/neostore.propertystore.db.arrays hit=0 miss=0 switches=0 ooe=0
2017-04-07 06:04:50.152+0000 INFO  [o.n.k.i.n.s.StoreFactory]: /home/situlingyun/Documents/joern-0.3.1/.joernIndex/neostore.propertystore.db hit=697099 miss=50000 switches=0 ooe=0
2017-04-07 06:04:50.251+0000 INFO  [o.n.k.i.n.s.StoreFactory]: /home/situlingyun/Documents/joern-0.3.1/.joernIndex/neostore.relationshipstore.db hit=1418397 miss=50000 switches=0 ooe=0
2017-04-07 06:04:50.300+0000 INFO  [o.n.k.i.n.s.StoreFactory]: /home/situlingyun/Documents/joern-0.3.1/.joernIndex/neostore.nodestore.db.labels hit=0 miss=0 switches=0 ooe=0
2017-04-07 06:04:50.352+0000 INFO  [o.n.k.i.n.s.StoreFactory]: /home/situlingyun/Documents/joern-0.3.1/.joernIndex/neostore.nodestore.db hit=1012615 miss=50000 switches=0 ooe=0
2017-04-07 06:04:50.409+0000 INFO  [o.n.k.i.n.s.StoreFactory]: /home/situlingyun/Documents/joern-0.3.1/.joernIndex/neostore.schemastore.db hit=0 miss=0 switches=0 ooe=0
2017-04-07 06:04:50.459+0000 INFO  [o.n.k.i.n.s.StoreFactory]: /home/situlingyun/Documents/joern-0.3.1/.joernIndex/neostore.relationshipgroupstore.db hit=0 miss=2505 switches=0 ooe=0
2017-04-07 06:04:50.542+0000 INFO  [o.n.k.i.n.s.StoreFactory]: /home/situlingyun/Documents/joern-0.3.1/.joernIndex/neostore hit=0 miss=20 switches=0 ooe=0
2017-04-07 06:04:50.592+0000 INFO  [o.n.k.i.n.x.NeoStoreXaDataSource]: NeoStore closed
2017-04-07 06:04:50.592+0000 INFO  [o.n.k.i.DiagnosticsManager]: --- STOPPING diagnostics START ---
2017-04-07 06:04:50.592+0000 INFO  [o.n.k.i.DiagnosticsManager]: --- STOPPING diagnostics END ---
2017-04-07 06:04:50.611+0000 INFO  [o.n.s.d.LifecycleManagingDatabase]: Successfully stopped database
2017-04-07 06:04:50.611+0000 INFO  [o.n.s.CommunityNeoServer]: Successfully shutdown database.
